\BOOKMARK [0][-]{chapter.1}{序論}{}% 1
\BOOKMARK [1][-]{section.1.1}{素粒子物理学におけるcLFVの探索}{chapter.1}% 2
\BOOKMARK [1][-]{section.1.2}{MEG II実験における陽電子タイミングカウンター}{chapter.1}% 3
\BOOKMARK [1][-]{section.1.3}{本論文の構成について}{chapter.1}% 4
\BOOKMARK [0][-]{chapter.2}{e \040崩壊}{}% 5
\BOOKMARK [1][-]{section.2.1}{ミューオンの物理}{chapter.2}% 6
\BOOKMARK [1][-]{section.2.2}{これまでのcLFV探索}{chapter.2}% 7
\BOOKMARK [1][-]{section.2.3}{実験における信号・背景事象}{chapter.2}% 8
\BOOKMARK [0][-]{chapter.3}{MEG II 実験}{}% 9
\BOOKMARK [1][-]{section.3.1}{MEG 実験}{chapter.3}% 10
\BOOKMARK [1][-]{section.3.2}{MEG II 実験}{chapter.3}% 11
\BOOKMARK [2][-]{subsection.3.2.1}{MEG実験からのアップグレード}{section.3.2}% 12
\BOOKMARK [2][-]{subsection.3.2.2}{ドリフトチェンバー \(CDCH\)}{section.3.2}% 13
\BOOKMARK [2][-]{subsection.3.2.3}{陽電子タイミングカウンター \(pTC\)}{section.3.2}% 14
\BOOKMARK [2][-]{subsection.3.2.4}{液体キセノンガンマ線検出器 \(LXe\)}{section.3.2}% 15
\BOOKMARK [2][-]{subsection.3.2.5}{輻射崩壊検出器 \(RDC\)}{section.3.2}% 16
\BOOKMARK [2][-]{subsection.3.2.6}{DAQ}{section.3.2}% 17
\BOOKMARK [2][-]{subsection.3.2.7}{展望}{section.3.2}% 18
\BOOKMARK [0][-]{chapter.4}{陽電子タイミングカウンター}{}% 19
\BOOKMARK [1][-]{section.4.1}{背景}{chapter.4}% 20
\BOOKMARK [2][-]{subsection.4.1.1}{MEG 実験での問題点}{section.4.1}% 21
\BOOKMARK [2][-]{subsection.4.1.2}{MEG II実験における新たなデザイン}{section.4.1}% 22
\BOOKMARK [1][-]{section.4.2}{マルチピクセル化された陽電子タイミングカウンター}{chapter.4}% 23
\BOOKMARK [2][-]{subsection.4.2.1}{複数ヒットの仕組み}{section.4.2}% 24
\BOOKMARK [2][-]{subsection.4.2.2}{時間分解能}{section.4.2}% 25
\BOOKMARK [2][-]{subsection.4.2.3}{位置較正}{section.4.2}% 26
\BOOKMARK [1][-]{section.4.3}{ピクセル \(小型カウンター\)}{chapter.4}% 27
\BOOKMARK [2][-]{subsection.4.3.1}{SiPM}{section.4.3}% 28
\BOOKMARK [2][-]{subsection.4.3.2}{プラスチックシンチレータ}{section.4.3}% 29
\BOOKMARK [1][-]{section.4.4}{読み出し}{chapter.4}% 30
\BOOKMARK [1][-]{section.4.5}{解析}{chapter.4}% 31
\BOOKMARK [0][-]{chapter.5}{時間較正}{}% 32
\BOOKMARK [1][-]{section.5.1}{レーザー較正}{chapter.5}% 33
\BOOKMARK [1][-]{section.5.2}{ミシェル較正}{chapter.5}% 34
\BOOKMARK [0][-]{chapter.6}{陽電子タイミングカウンターにおける位置情報}{}% 35
\BOOKMARK [0][-]{chapter.7}{3Dスキャンによる位置較正}{}% 36
\BOOKMARK [1][-]{section.7.1}{3Dスキャンにおける測量}{chapter.7}% 37
\BOOKMARK [1][-]{section.7.2}{実験エリアにおける測量}{chapter.7}% 38
\BOOKMARK [2][-]{subsection.7.2.1}{測量基準点 \(reference point\)}{section.7.2}% 39
\BOOKMARK [1][-]{section.7.3}{スキャンデータの解析}{chapter.7}% 40
\BOOKMARK [1][-]{section.7.4}{結果}{chapter.7}% 41
\BOOKMARK [1][-]{section.7.5}{考察}{chapter.7}% 42
\BOOKMARK [0][-]{chapter.8}{軌跡再構成による位置較正の試み}{}% 43
\BOOKMARK [1][-]{section.8.1}{原理}{chapter.8}% 44
\BOOKMARK [1][-]{section.8.2}{課題}{chapter.8}% 45
\BOOKMARK [1][-]{section.8.3}{考察}{chapter.8}% 46
\BOOKMARK [1][-]{section.8.4}{運用について}{chapter.8}% 47
\BOOKMARK [0][-]{chapter.9}{Physics Runに向けて}{}% 48
\BOOKMARK [1][-]{section.9.1}{位置較正システムの運用}{chapter.9}% 49
\BOOKMARK [1][-]{section.9.2}{課題}{chapter.9}% 50
\BOOKMARK [2][-]{subsection.9.2.1}{ドリフトチェンバーとの複合解析に向けて}{section.9.2}% 51
\BOOKMARK [0][-]{chapter.10}{考察とまとめ}{}% 52
\BOOKMARK [-1][-]{part.1}{第I部 付録}{}% 53
\BOOKMARK [0][-]{appendix.A}{3D測量機器について}{part.1}% 54
\BOOKMARK [0][-]{appendix.B}{軌跡再構成について}{part.1}% 55
\BOOKMARK [1][-]{section.B.1}{カルマンフィルター}{appendix.B}% 56
\BOOKMARK [1][-]{section.B.2}{クラスタリング}{appendix.B}% 57
\BOOKMARK [1][-]{section.B.3}{ドリフトチェンバーとのマッチング}{appendix.B}% 58
